INFO:root:extract_transactions_xlsx_files.py 1402-10-22 19:06:38.799996 : Excel file '1401-11-01.xlsx' saved to 'stage\1401-11-01.xlsx' successfully.
INFO:root:extract_transactions_xlsx_files.py 1402-10-22 19:06:41.222548 : Excel file '1401-11-02.xlsx' saved to 'stage\1401-11-02.xlsx' successfully.
INFO:root:extract_transactions_xlsx_files.py 1402-10-22 19:06:43.957413 : Excel file '1401-11-03.xlsx' saved to 'stage\1401-11-03.xlsx' successfully.
INFO:root:extract_transactions_xlsx_files.py 1402-10-22 19:06:46.816706 : Excel file '1401-11-04.xlsx' saved to 'stage\1401-11-04.xlsx' successfully.
INFO:root:extract_transactions_xlsx_files.py 1402-10-22 19:06:49.759508 : Excel file '1401-11-05.xlsx' saved to 'stage\1401-11-05.xlsx' successfully.
INFO:root:extract_transactions_xlsx_files.py 1402-10-22 19:06:53.34136 : Excel file '1401-11-08.xlsx' saved to 'stage\1401-11-08.xlsx' successfully.
INFO:root:extract_transactions_xlsx_files.py 1402-10-22 19:06:55.862424 : Excel file '1401-11-09.xlsx' saved to 'stage\1401-11-09.xlsx' successfully.
INFO:root:extract_transactions_xlsx_files.py 1402-10-22 19:07:00.923272 : Excel file '1401-11-10.xlsx' saved to 'stage\1401-11-10.xlsx' successfully.
INFO:root:extract_transactions_xlsx_files.py 1402-10-22 19:07:03.612712 : Excel file '1401-11-11.xlsx' saved to 'stage\1401-11-11.xlsx' successfully.
INFO:root:extract_transactions_xlsx_files.py 1402-10-22 19:07:06.277505 : Excel file '1401-11-12.xlsx' saved to 'stage\1401-11-12.xlsx' successfully.
INFO:root:extract_transactions_xlsx_files.py 1402-10-22 19:07:08.778131 : Excel file '1401-11-15.xlsx' saved to 'stage\1401-11-15.xlsx' successfully.
INFO:root:extract_transactions_xlsx_files.py 1402-10-22 19:07:12.277948 : Excel file '1401-11-16.xlsx' saved to 'stage\1401-11-16.xlsx' successfully.
INFO:root:extract_transactions_xlsx_files.py 1402-10-22 19:07:14.976868 : Excel file '1401-11-17.xlsx' saved to 'stage\1401-11-17.xlsx' successfully.
INFO:root:extract_transactions_xlsx_files.py 1402-10-22 19:07:18.247169 : Excel file '1401-11-18.xlsx' saved to 'stage\1401-11-18.xlsx' successfully.
INFO:root:extract_transactions_xlsx_files.py 1402-10-22 19:07:20.725622 : Excel file '1401-11-19.xlsx' saved to 'stage\1401-11-19.xlsx' successfully.
INFO:root:extract_transactions_xlsx_files.py 1402-10-22 19:07:24.385218 : Excel file '1401-11-22.xlsx' saved to 'stage\1401-11-22.xlsx' successfully.
INFO:root:extract_transactions_xlsx_files.py 1402-10-22 19:07:28.512595 : Excel file '1401-11-23.xlsx' saved to 'stage\1401-11-23.xlsx' successfully.
INFO:root:extract_transactions_xlsx_files.py 1402-10-22 19:07:31.223013 : Excel file '1401-11-24.xlsx' saved to 'stage\1401-11-24.xlsx' successfully.
INFO:root:extract_transactions_xlsx_files.py 1402-10-22 19:07:34.431549 : Excel file '1401-11-25.xlsx' saved to 'stage\1401-11-25.xlsx' successfully.
INFO:root:extract_transactions_xlsx_files.py 1402-10-22 19:07:37.259178 : Excel file '1401-11-26.xlsx' saved to 'stage\1401-11-26.xlsx' successfully.
INFO:root:extract_transactions_xlsx_files.py 1402-10-22 19:07:39.199263 : Excel file '1401-11-29.xlsx' saved to 'stage\1401-11-29.xlsx' successfully.
INFO:root:extract_transactions_xlsx_files.py 1402-10-22 19:07:41.718863 : Excel file '1401-11-30.xlsx' saved to 'stage\1401-11-30.xlsx' successfully.
INFO:root:extract_transactions_xlsx_files.py 1402-10-22 19:35:16.865953 : Excel file '1401-11-01.xlsx' saved to 'stage\1401-11-01.xlsx' successfully.
INFO:root:extract_transactions_xlsx_files.py 1402-10-22 19:35:22.199988 : Excel file '1401-11-02.xlsx' saved to 'stage\1401-11-02.xlsx' successfully.
INFO:root:extract_transactions_xlsx_files.py 1402-10-22 19:35:25.17690 : Excel file '1401-11-03.xlsx' saved to 'stage\1401-11-03.xlsx' successfully.
INFO:root:extract_transactions_xlsx_files.py 1402-10-22 19:35:28.692936 : Excel file '1401-11-04.xlsx' saved to 'stage\1401-11-04.xlsx' successfully.
INFO:root:extract_transactions_xlsx_files.py 1402-10-22 19:35:32.72682 : Excel file '1401-11-05.xlsx' saved to 'stage\1401-11-05.xlsx' successfully.
INFO:root:extract_transactions_xlsx_files.py 1402-10-22 19:35:35.335995 : Excel file '1401-11-08.xlsx' saved to 'stage\1401-11-08.xlsx' successfully.
INFO:root:extract_transactions_xlsx_files.py 1402-10-22 19:35:38.981668 : Excel file '1401-11-09.xlsx' saved to 'stage\1401-11-09.xlsx' successfully.
INFO:root:extract_transactions_xlsx_files.py 1402-10-22 19:35:41.764116 : Excel file '1401-11-10.xlsx' saved to 'stage\1401-11-10.xlsx' successfully.
INFO:root:extract_transactions_xlsx_files.py 1402-10-22 19:35:44.907933 : Excel file '1401-11-11.xlsx' saved to 'stage\1401-11-11.xlsx' successfully.
INFO:root:extract_transactions_xlsx_files.py 1402-10-22 19:35:48.288344 : Excel file '1401-11-12.xlsx' saved to 'stage\1401-11-12.xlsx' successfully.
INFO:root:extract_transactions_xlsx_files.py 1402-10-22 19:35:50.937515 : Excel file '1401-11-15.xlsx' saved to 'stage\1401-11-15.xlsx' successfully.
INFO:root:extract_transactions_xlsx_files.py 1402-10-22 19:35:53.712158 : Excel file '1401-11-16.xlsx' saved to 'stage\1401-11-16.xlsx' successfully.
INFO:root:extract_transactions_xlsx_files.py 1402-10-22 19:35:56.882895 : Excel file '1401-11-17.xlsx' saved to 'stage\1401-11-17.xlsx' successfully.
INFO:root:extract_transactions_xlsx_files.py 1402-10-22 19:35:59.720544 : Excel file '1401-11-18.xlsx' saved to 'stage\1401-11-18.xlsx' successfully.
INFO:root:extract_transactions_xlsx_files.py 1402-10-22 19:36:02.975832 : Excel file '1401-11-19.xlsx' saved to 'stage\1401-11-19.xlsx' successfully.
INFO:root:extract_transactions_xlsx_files.py 1402-10-22 19:36:05.814822 : Excel file '1401-11-22.xlsx' saved to 'stage\1401-11-22.xlsx' successfully.
INFO:root:extract_transactions_xlsx_files.py 1402-10-22 19:36:08.83758 : Excel file '1401-11-23.xlsx' saved to 'stage\1401-11-23.xlsx' successfully.
INFO:root:extract_transactions_xlsx_files.py 1402-10-22 19:36:11.49852 : Excel file '1401-11-24.xlsx' saved to 'stage\1401-11-24.xlsx' successfully.
INFO:root:extract_transactions_xlsx_files.py 1402-10-22 19:36:13.973251 : Excel file '1401-11-25.xlsx' saved to 'stage\1401-11-25.xlsx' successfully.
INFO:root:extract_transactions_xlsx_files.py 1402-10-22 19:36:16.335841 : Excel file '1401-11-26.xlsx' saved to 'stage\1401-11-26.xlsx' successfully.
INFO:root:extract_transactions_xlsx_files.py 1402-10-22 19:36:18.67061 : Excel file '1401-11-29.xlsx' saved to 'stage\1401-11-29.xlsx' successfully.
INFO:root:extract_transactions_xlsx_files.py 1402-10-22 19:36:21.294474 : Excel file '1401-11-30.xlsx' saved to 'stage\1401-11-30.xlsx' successfully.
INFO:root:extract_transactions_xlsx_files.py 1402-10-22 19:52:17.747119 : Excel file '1401-11-01.xlsx' saved to 'stage\1401-11-01.xlsx' successfully.
INFO:root:extract_transactions_xlsx_files.py 1402-10-22 19:52:20.389117 : Excel file '1401-11-02.xlsx' saved to 'stage\1401-11-02.xlsx' successfully.
INFO:root:extract_transactions_xlsx_files.py 1402-10-22 19:52:22.755662 : Excel file '1401-11-03.xlsx' saved to 'stage\1401-11-03.xlsx' successfully.
INFO:root:extract_transactions_xlsx_files.py 1402-10-22 19:52:25.932539 : Excel file '1401-11-04.xlsx' saved to 'stage\1401-11-04.xlsx' successfully.
INFO:root:extract_transactions_xlsx_files.py 1402-10-22 19:52:28.645330 : Excel file '1401-11-05.xlsx' saved to 'stage\1401-11-05.xlsx' successfully.
INFO:root:extract_transactions_xlsx_files.py 1402-10-22 19:52:31.547882 : Excel file '1401-11-08.xlsx' saved to 'stage\1401-11-08.xlsx' successfully.
INFO:root:extract_transactions_xlsx_files.py 1402-10-22 19:52:34.956740 : Excel file '1401-11-09.xlsx' saved to 'stage\1401-11-09.xlsx' successfully.
INFO:root:extract_transactions_xlsx_files.py 1402-10-22 19:52:37.372185 : Excel file '1401-11-10.xlsx' saved to 'stage\1401-11-10.xlsx' successfully.
INFO:root:extract_transactions_xlsx_files.py 1402-10-22 19:52:40.139831 : Excel file '1401-11-11.xlsx' saved to 'stage\1401-11-11.xlsx' successfully.
INFO:root:extract_transactions_xlsx_files.py 1402-10-22 19:52:43.67490 : Excel file '1401-11-12.xlsx' saved to 'stage\1401-11-12.xlsx' successfully.
INFO:root:extract_transactions_xlsx_files.py 1402-10-22 19:52:45.618923 : Excel file '1401-11-15.xlsx' saved to 'stage\1401-11-15.xlsx' successfully.
INFO:root:extract_transactions_xlsx_files.py 1402-10-22 19:52:48.816315 : Excel file '1401-11-16.xlsx' saved to 'stage\1401-11-16.xlsx' successfully.
INFO:root:extract_transactions_xlsx_files.py 1402-10-22 19:52:51.104065 : Excel file '1401-11-17.xlsx' saved to 'stage\1401-11-17.xlsx' successfully.
INFO:root:extract_transactions_xlsx_files.py 1402-10-22 19:52:53.438018 : Excel file '1401-11-18.xlsx' saved to 'stage\1401-11-18.xlsx' successfully.
INFO:root:extract_transactions_xlsx_files.py 1402-10-22 19:52:57.167011 : Excel file '1401-11-19.xlsx' saved to 'stage\1401-11-19.xlsx' successfully.
INFO:root:extract_transactions_xlsx_files.py 1402-10-22 19:53:00.228436 : Excel file '1401-11-22.xlsx' saved to 'stage\1401-11-22.xlsx' successfully.
INFO:root:extract_transactions_xlsx_files.py 1402-10-22 19:53:02.666494 : Excel file '1401-11-23.xlsx' saved to 'stage\1401-11-23.xlsx' successfully.
INFO:root:extract_transactions_xlsx_files.py 1402-10-22 19:53:05.537184 : Excel file '1401-11-24.xlsx' saved to 'stage\1401-11-24.xlsx' successfully.
INFO:root:extract_transactions_xlsx_files.py 1402-10-22 19:53:08.682192 : Excel file '1401-11-25.xlsx' saved to 'stage\1401-11-25.xlsx' successfully.
INFO:root:extract_transactions_xlsx_files.py 1402-10-22 19:53:11.516464 : Excel file '1401-11-26.xlsx' saved to 'stage\1401-11-26.xlsx' successfully.
INFO:root:extract_transactions_xlsx_files.py 1402-10-22 19:53:13.681671 : Excel file '1401-11-29.xlsx' saved to 'stage\1401-11-29.xlsx' successfully.
INFO:root:extract_transactions_xlsx_files.py 1402-10-22 19:53:16.698096 : Excel file '1401-11-30.xlsx' saved to 'stage\1401-11-30.xlsx' successfully.
ERROR:root:extract_transactions_xlsx_files.py 1402-10-22 20:56:27.50100 : File is not a zip file
ERROR:root:extract_transactions_xlsx_files.py 1402-10-22 20:58:51.968891 : File is not a zip file
ERROR:root:extract_transactions_xlsx_files.py 1402-10-22 21:12:05.257237 : 'Worksheet دیده بان بازار does not exist.'
ERROR:root:extract_transactions_xlsx_files.py 1402-10-22 21:13:58.250416 : [Errno 13] Permission denied: 'stage\\1401-11-01.xlsx'
ERROR:root:extract_transactions_xlsx_files.py 1402-10-22 21:14:30.804181 : 'Worksheet دیده بان بازار does not exist.'
ERROR:root:extract_transactions_xlsx_files.py 1402-10-22 21:16:18.1432 : 'Worksheet dideban does not exist.'
ERROR:root:extract_transactions_xlsx_files.py 1402-10-22 21:18:30.692863 : [Errno 13] Permission denied: 'stage\\1401-11-01.xlsx'
INFO:root:extract_transactions_xlsx_files.py 1402-10-22 21:18:51.638877 : Excel file '1401-11-01.xlsx' saved to 'stage\1401-11-01.xlsx' successfully.
INFO:root:extract_transactions_xlsx_files.py 1402-10-22 21:18:55.321221 : Excel file '1401-11-02.xlsx' saved to 'stage\1401-11-02.xlsx' successfully.
INFO:root:extract_transactions_xlsx_files.py 1402-10-22 21:18:58.460613 : Excel file '1401-11-03.xlsx' saved to 'stage\1401-11-03.xlsx' successfully.
INFO:root:extract_transactions_xlsx_files.py 1402-10-22 21:19:01.186362 : Excel file '1401-11-04.xlsx' saved to 'stage\1401-11-04.xlsx' successfully.
INFO:root:extract_transactions_xlsx_files.py 1402-10-22 21:19:03.915885 : Excel file '1401-11-05.xlsx' saved to 'stage\1401-11-05.xlsx' successfully.
INFO:root:extract_transactions_xlsx_files.py 1402-10-22 21:19:06.276714 : Excel file '1401-11-08.xlsx' saved to 'stage\1401-11-08.xlsx' successfully.
INFO:root:extract_transactions_xlsx_files.py 1402-10-22 21:19:09.520477 : Excel file '1401-11-09.xlsx' saved to 'stage\1401-11-09.xlsx' successfully.
INFO:root:extract_transactions_xlsx_files.py 1402-10-22 21:19:12.973841 : Excel file '1401-11-10.xlsx' saved to 'stage\1401-11-10.xlsx' successfully.
INFO:root:extract_transactions_xlsx_files.py 1402-10-22 21:19:15.859051 : Excel file '1401-11-11.xlsx' saved to 'stage\1401-11-11.xlsx' successfully.
INFO:root:extract_transactions_xlsx_files.py 1402-10-22 21:19:18.911318 : Excel file '1401-11-12.xlsx' saved to 'stage\1401-11-12.xlsx' successfully.
INFO:root:extract_transactions_xlsx_files.py 1402-10-22 21:19:21.290558 : Excel file '1401-11-15.xlsx' saved to 'stage\1401-11-15.xlsx' successfully.
INFO:root:extract_transactions_xlsx_files.py 1402-10-22 21:19:24.527272 : Excel file '1401-11-16.xlsx' saved to 'stage\1401-11-16.xlsx' successfully.
INFO:root:extract_transactions_xlsx_files.py 1402-10-22 21:19:27.685938 : Excel file '1401-11-17.xlsx' saved to 'stage\1401-11-17.xlsx' successfully.
INFO:root:extract_transactions_xlsx_files.py 1402-10-22 21:19:30.950518 : Excel file '1401-11-18.xlsx' saved to 'stage\1401-11-18.xlsx' successfully.
INFO:root:extract_transactions_xlsx_files.py 1402-10-22 21:19:34.489422 : Excel file '1401-11-19.xlsx' saved to 'stage\1401-11-19.xlsx' successfully.
INFO:root:extract_transactions_xlsx_files.py 1402-10-22 21:19:37.343316 : Excel file '1401-11-22.xlsx' saved to 'stage\1401-11-22.xlsx' successfully.
INFO:root:extract_transactions_xlsx_files.py 1402-10-22 21:19:39.882800 : Excel file '1401-11-23.xlsx' saved to 'stage\1401-11-23.xlsx' successfully.
INFO:root:extract_transactions_xlsx_files.py 1402-10-22 21:19:42.893617 : Excel file '1401-11-24.xlsx' saved to 'stage\1401-11-24.xlsx' successfully.
INFO:root:extract_transactions_xlsx_files.py 1402-10-22 21:19:46.330425 : Excel file '1401-11-25.xlsx' saved to 'stage\1401-11-25.xlsx' successfully.
INFO:root:extract_transactions_xlsx_files.py 1402-10-22 21:19:49.551039 : Excel file '1401-11-26.xlsx' saved to 'stage\1401-11-26.xlsx' successfully.
INFO:root:extract_transactions_xlsx_files.py 1402-10-22 21:19:51.557313 : Excel file '1401-11-29.xlsx' saved to 'stage\1401-11-29.xlsx' successfully.
INFO:root:extract_transactions_xlsx_files.py 1402-10-22 21:19:54.149089 : Excel file '1401-11-30.xlsx' saved to 'stage\1401-11-30.xlsx' successfully.
ERROR:root:extract_transactions_xlsx_files.py 1402-10-22 21:21:09.547659 : 'Worksheet  does not exist.'
ERROR:root:extract_transactions_xlsx_files.py 1402-10-22 21:22:16.834461 : list index out of range
ERROR:root:extract_transactions_xlsx_files.py 1402-10-22 21:27:32.799270 : 'WriteOnlyWorksheet' object has no attribute 'max_row'
INFO:root:convert_xlsx_files_to_csv_files.py 2024-01-12 22:03:30.900959stage\1401-11-15.xlsx was empty.
INFO:root:convert_xlsx_files_to_csv_files.py 2024-01-12 22:03:31.875937stage\1401-11-22.xlsx was empty.
INFO:root:convert_xlsx_files_to_csv_files.py 2024-01-12 22:03:32.934770stage\1401-11-29.xlsx was empty.
INFO:root:convert_xlsx_files_to_csv_files.py 2024-01-12 22:05:58.555924 : stage\1401-11-15.xlsx was empty.
INFO:root:convert_xlsx_files_to_csv_files.py 2024-01-12 22:05:59.745913 : stage\1401-11-22.xlsx was empty.
INFO:root:convert_xlsx_files_to_csv_files.py 2024-01-12 22:06:00.742981 : stage\1401-11-29.xlsx was empty.
INFO:root:convert_xlsx_files_to_csv_files.py 2024-01-12 22:07:17.130036 : 1401-11-15.xlsx was empty.
INFO:root:convert_xlsx_files_to_csv_files.py 2024-01-12 22:07:18.465319 : 1401-11-22.xlsx was empty.
INFO:root:convert_xlsx_files_to_csv_files.py 2024-01-12 22:07:19.640370 : 1401-11-29.xlsx was empty.
ERROR:root:convert_xlsx_files_to_csv_files.py 2024-01-12 22:25:24.691180 : [WinError 2] The system cannot find the file specified: '1401-11-01.xlsx'
INFO:root:convert_xlsx_files_to_csv_files.py 2024-01-12 22:33:38.815189 : 1401-11-15.xlsx was empty.
INFO:root:convert_xlsx_files_to_csv_files.py 2024-01-12 22:33:40.313195 : 1401-11-22.xlsx was empty.
INFO:root:convert_xlsx_files_to_csv_files.py 2024-01-12 22:33:41.529057 : 1401-11-29.xlsx was empty.
INFO:root:extract_transactions_xlsx_files.py 1402-10-22 22:41:59.1085 : Excel file '1401-11-01.xlsx' saved to 'stage\1401-11-01.xlsx' successfully.
INFO:root:extract_transactions_xlsx_files.py 1402-10-22 22:42:01.828711 : Excel file '1401-11-02.xlsx' saved to 'stage\1401-11-02.xlsx' successfully.
INFO:root:extract_transactions_xlsx_files.py 1402-10-22 22:42:04.831732 : Excel file '1401-11-03.xlsx' saved to 'stage\1401-11-03.xlsx' successfully.
INFO:root:extract_transactions_xlsx_files.py 1402-10-22 22:42:07.675561 : Excel file '1401-11-04.xlsx' saved to 'stage\1401-11-04.xlsx' successfully.
INFO:root:extract_transactions_xlsx_files.py 1402-10-22 22:42:10.665317 : Excel file '1401-11-05.xlsx' saved to 'stage\1401-11-05.xlsx' successfully.
INFO:root:extract_transactions_xlsx_files.py 1402-10-22 22:42:13.890873 : Excel file '1401-11-08.xlsx' saved to 'stage\1401-11-08.xlsx' successfully.
INFO:root:extract_transactions_xlsx_files.py 1402-10-22 22:42:17.763524 : Excel file '1401-11-09.xlsx' saved to 'stage\1401-11-09.xlsx' successfully.
INFO:root:extract_transactions_xlsx_files.py 1402-10-22 22:42:23.518431 : Excel file '1401-11-10.xlsx' saved to 'stage\1401-11-10.xlsx' successfully.
INFO:root:extract_transactions_xlsx_files.py 1402-10-22 22:42:26.458234 : Excel file '1401-11-11.xlsx' saved to 'stage\1401-11-11.xlsx' successfully.
INFO:root:extract_transactions_xlsx_files.py 1402-10-22 22:42:28.966826 : Excel file '1401-11-12.xlsx' saved to 'stage\1401-11-12.xlsx' successfully.
INFO:root:extract_transactions_xlsx_files.py 1402-10-22 22:42:31.627754 : Excel file '1401-11-15.xlsx' saved to 'stage\1401-11-15.xlsx' successfully.
INFO:root:extract_transactions_xlsx_files.py 1402-10-22 22:42:34.529284 : Excel file '1401-11-16.xlsx' saved to 'stage\1401-11-16.xlsx' successfully.
INFO:root:extract_transactions_xlsx_files.py 1402-10-22 22:42:37.365513 : Excel file '1401-11-17.xlsx' saved to 'stage\1401-11-17.xlsx' successfully.
INFO:root:extract_transactions_xlsx_files.py 1402-10-22 22:42:40.22566 : Excel file '1401-11-18.xlsx' saved to 'stage\1401-11-18.xlsx' successfully.
INFO:root:extract_transactions_xlsx_files.py 1402-10-22 22:42:43.140840 : Excel file '1401-11-19.xlsx' saved to 'stage\1401-11-19.xlsx' successfully.
INFO:root:extract_transactions_xlsx_files.py 1402-10-22 22:42:45.604223 : Excel file '1401-11-22.xlsx' saved to 'stage\1401-11-22.xlsx' successfully.
INFO:root:extract_transactions_xlsx_files.py 1402-10-22 22:42:49.69159 : Excel file '1401-11-23.xlsx' saved to 'stage\1401-11-23.xlsx' successfully.
INFO:root:extract_transactions_xlsx_files.py 1402-10-22 22:42:51.302247 : Excel file '1401-11-24.xlsx' saved to 'stage\1401-11-24.xlsx' successfully.
INFO:root:extract_transactions_xlsx_files.py 1402-10-22 22:42:56.739152 : Excel file '1401-11-25.xlsx' saved to 'stage\1401-11-25.xlsx' successfully.
INFO:root:extract_transactions_xlsx_files.py 1402-10-22 22:43:00.59278 : Excel file '1401-11-26.xlsx' saved to 'stage\1401-11-26.xlsx' successfully.
INFO:root:extract_transactions_xlsx_files.py 1402-10-22 22:43:02.406722 : Excel file '1401-11-29.xlsx' saved to 'stage\1401-11-29.xlsx' successfully.
INFO:root:extract_transactions_xlsx_files.py 1402-10-22 22:43:05.136681 : Excel file '1401-11-30.xlsx' saved to 'stage\1401-11-30.xlsx' successfully.
INFO:root:convert_xlsx_files_to_csv_files.py 2024-01-12 22:43:46.655589 : 1401-11-15.xlsx was empty.
INFO:root:convert_xlsx_files_to_csv_files.py 2024-01-12 22:43:48.188220 : 1401-11-22.xlsx was empty.
INFO:root:convert_xlsx_files_to_csv_files.py 2024-01-12 22:43:49.231426 : 1401-11-29.xlsx was empty.
INFO:root:extract_transactions_xlsx_files.py 1402-10-23 10:19:06.520608 : Excel file '1401-11-01.xlsx' saved to 'datalake\1401-11-01.xlsx' successfully.
INFO:root:extract_transactions_xlsx_files.py 1402-10-23 10:19:07.915974 : Excel file '1401-11-02.xlsx' saved to 'datalake\1401-11-02.xlsx' successfully.
INFO:root:extract_transactions_xlsx_files.py 1402-10-23 10:19:09.185230 : Excel file '1401-11-03.xlsx' saved to 'datalake\1401-11-03.xlsx' successfully.
INFO:root:extract_transactions_xlsx_files.py 1402-10-23 10:19:09.956149 : Excel file '1401-11-04.xlsx' saved to 'datalake\1401-11-04.xlsx' successfully.
INFO:root:extract_transactions_xlsx_files.py 1402-10-23 10:19:10.712268 : Excel file '1401-11-05.xlsx' saved to 'datalake\1401-11-05.xlsx' successfully.
INFO:root:extract_transactions_xlsx_files.py 1402-10-23 10:19:11.526574 : Excel file '1401-11-08.xlsx' saved to 'datalake\1401-11-08.xlsx' successfully.
INFO:root:extract_transactions_xlsx_files.py 1402-10-23 10:19:12.733015 : Excel file '1401-11-09.xlsx' saved to 'datalake\1401-11-09.xlsx' successfully.
INFO:root:extract_transactions_xlsx_files.py 1402-10-23 10:19:14.53506 : Excel file '1401-11-10.xlsx' saved to 'datalake\1401-11-10.xlsx' successfully.
INFO:root:extract_transactions_xlsx_files.py 1402-10-23 10:19:14.781523 : Excel file '1401-11-11.xlsx' saved to 'datalake\1401-11-11.xlsx' successfully.
INFO:root:extract_transactions_xlsx_files.py 1402-10-23 10:19:15.646645 : Excel file '1401-11-12.xlsx' saved to 'datalake\1401-11-12.xlsx' successfully.
INFO:root:extract_transactions_xlsx_files.py 1402-10-23 10:19:16.63543 : Excel file '1401-11-15.xlsx' saved to 'datalake\1401-11-15.xlsx' successfully.
INFO:root:extract_transactions_xlsx_files.py 1402-10-23 10:19:17.211933 : Excel file '1401-11-16.xlsx' saved to 'datalake\1401-11-16.xlsx' successfully.
INFO:root:extract_transactions_xlsx_files.py 1402-10-23 10:19:18.666813 : Excel file '1401-11-17.xlsx' saved to 'datalake\1401-11-17.xlsx' successfully.
INFO:root:extract_transactions_xlsx_files.py 1402-10-23 10:19:19.552129 : Excel file '1401-11-18.xlsx' saved to 'datalake\1401-11-18.xlsx' successfully.
INFO:root:extract_transactions_xlsx_files.py 1402-10-23 10:19:20.288813 : Excel file '1401-11-19.xlsx' saved to 'datalake\1401-11-19.xlsx' successfully.
INFO:root:extract_transactions_xlsx_files.py 1402-10-23 10:19:20.515059 : Excel file '1401-11-22.xlsx' saved to 'datalake\1401-11-22.xlsx' successfully.
INFO:root:extract_transactions_xlsx_files.py 1402-10-23 10:19:21.276772 : Excel file '1401-11-23.xlsx' saved to 'datalake\1401-11-23.xlsx' successfully.
INFO:root:extract_transactions_xlsx_files.py 1402-10-23 10:19:22.160446 : Excel file '1401-11-24.xlsx' saved to 'datalake\1401-11-24.xlsx' successfully.
INFO:root:extract_transactions_xlsx_files.py 1402-10-23 10:19:23.172102 : Excel file '1401-11-25.xlsx' saved to 'datalake\1401-11-25.xlsx' successfully.
INFO:root:extract_transactions_xlsx_files.py 1402-10-23 10:19:24.19966 : Excel file '1401-11-26.xlsx' saved to 'datalake\1401-11-26.xlsx' successfully.
INFO:root:extract_transactions_xlsx_files.py 1402-10-23 10:19:24.255727 : Excel file '1401-11-29.xlsx' saved to 'datalake\1401-11-29.xlsx' successfully.
INFO:root:extract_transactions_xlsx_files.py 1402-10-23 10:19:25.160272 : Excel file '1401-11-30.xlsx' saved to 'datalake\1401-11-30.xlsx' successfully.
ERROR:root:convert_xlsx_files_to_csv_files.py 2024-01-13 10:30:08.891571 : [WinError 32] The process cannot access the file because it is being used by another process: 'datalake\\1401-11-01.xlsx'
INFO:root:convert_xlsx_files_to_csv_files.py 2024-01-13 10:31:15.721338 : 1401-11-01.xlsx was empty.
INFO:root:convert_xlsx_files_to_csv_files.py 2024-01-13 10:31:15.911831 : 1401-11-02.xlsx was empty.
INFO:root:convert_xlsx_files_to_csv_files.py 2024-01-13 10:31:16.132090 : 1401-11-03.xlsx was empty.
INFO:root:convert_xlsx_files_to_csv_files.py 2024-01-13 10:31:16.327782 : 1401-11-04.xlsx was empty.
INFO:root:convert_xlsx_files_to_csv_files.py 2024-01-13 10:31:16.532313 : 1401-11-05.xlsx was empty.
INFO:root:convert_xlsx_files_to_csv_files.py 2024-01-13 10:31:16.715498 : 1401-11-08.xlsx was empty.
INFO:root:convert_xlsx_files_to_csv_files.py 2024-01-13 10:31:16.954615 : 1401-11-09.xlsx was empty.
INFO:root:convert_xlsx_files_to_csv_files.py 2024-01-13 10:31:17.183815 : 1401-11-10.xlsx was empty.
INFO:root:convert_xlsx_files_to_csv_files.py 2024-01-13 10:31:17.402196 : 1401-11-11.xlsx was empty.
INFO:root:convert_xlsx_files_to_csv_files.py 2024-01-13 10:31:17.591055 : 1401-11-12.xlsx was empty.
INFO:root:convert_xlsx_files_to_csv_files.py 2024-01-13 10:31:17.604479 : 1401-11-15.xlsx was empty.
INFO:root:convert_xlsx_files_to_csv_files.py 2024-01-13 10:31:17.837817 : 1401-11-16.xlsx was empty.
INFO:root:convert_xlsx_files_to_csv_files.py 2024-01-13 10:31:18.062253 : 1401-11-17.xlsx was empty.
INFO:root:convert_xlsx_files_to_csv_files.py 2024-01-13 10:31:18.260472 : 1401-11-18.xlsx was empty.
INFO:root:convert_xlsx_files_to_csv_files.py 2024-01-13 10:31:18.449305 : 1401-11-19.xlsx was empty.
INFO:root:convert_xlsx_files_to_csv_files.py 2024-01-13 10:31:18.461295 : 1401-11-22.xlsx was empty.
INFO:root:convert_xlsx_files_to_csv_files.py 2024-01-13 10:31:18.645802 : 1401-11-23.xlsx was empty.
INFO:root:convert_xlsx_files_to_csv_files.py 2024-01-13 10:31:18.938081 : 1401-11-24.xlsx was empty.
INFO:root:convert_xlsx_files_to_csv_files.py 2024-01-13 10:31:19.126443 : 1401-11-25.xlsx was empty.
INFO:root:convert_xlsx_files_to_csv_files.py 2024-01-13 10:31:19.321920 : 1401-11-26.xlsx was empty.
INFO:root:convert_xlsx_files_to_csv_files.py 2024-01-13 10:31:19.335882 : 1401-11-29.xlsx was empty.
INFO:root:convert_xlsx_files_to_csv_files.py 2024-01-13 10:31:19.547318 : 1401-11-30.xlsx was empty.
INFO:root:extract_transactions_xlsx_files.py 1402-10-23 10:33:32.395033 : Excel file '1401-11-01.xlsx' saved to 'datalake\1401-11-01.xlsx' successfully.
INFO:root:extract_transactions_xlsx_files.py 1402-10-23 10:33:33.112533 : Excel file '1401-11-02.xlsx' saved to 'datalake\1401-11-02.xlsx' successfully.
INFO:root:extract_transactions_xlsx_files.py 1402-10-23 10:33:33.937593 : Excel file '1401-11-03.xlsx' saved to 'datalake\1401-11-03.xlsx' successfully.
INFO:root:extract_transactions_xlsx_files.py 1402-10-23 10:33:34.653785 : Excel file '1401-11-04.xlsx' saved to 'datalake\1401-11-04.xlsx' successfully.
INFO:root:extract_transactions_xlsx_files.py 1402-10-23 10:33:35.325315 : Excel file '1401-11-05.xlsx' saved to 'datalake\1401-11-05.xlsx' successfully.
INFO:root:extract_transactions_xlsx_files.py 1402-10-23 10:33:36.26889 : Excel file '1401-11-08.xlsx' saved to 'datalake\1401-11-08.xlsx' successfully.
INFO:root:extract_transactions_xlsx_files.py 1402-10-23 10:33:36.815911 : Excel file '1401-11-09.xlsx' saved to 'datalake\1401-11-09.xlsx' successfully.
INFO:root:extract_transactions_xlsx_files.py 1402-10-23 10:33:37.576329 : Excel file '1401-11-10.xlsx' saved to 'datalake\1401-11-10.xlsx' successfully.
INFO:root:extract_transactions_xlsx_files.py 1402-10-23 10:33:38.394173 : Excel file '1401-11-11.xlsx' saved to 'datalake\1401-11-11.xlsx' successfully.
INFO:root:extract_transactions_xlsx_files.py 1402-10-23 10:33:39.113973 : Excel file '1401-11-12.xlsx' saved to 'datalake\1401-11-12.xlsx' successfully.
INFO:root:extract_transactions_xlsx_files.py 1402-10-23 10:33:39.377425 : Excel file '1401-11-15.xlsx' saved to 'datalake\1401-11-15.xlsx' successfully.
INFO:root:extract_transactions_xlsx_files.py 1402-10-23 10:33:40.304543 : Excel file '1401-11-16.xlsx' saved to 'datalake\1401-11-16.xlsx' successfully.
INFO:root:extract_transactions_xlsx_files.py 1402-10-23 10:33:41.59958 : Excel file '1401-11-17.xlsx' saved to 'datalake\1401-11-17.xlsx' successfully.
INFO:root:extract_transactions_xlsx_files.py 1402-10-23 10:33:41.801932 : Excel file '1401-11-18.xlsx' saved to 'datalake\1401-11-18.xlsx' successfully.
INFO:root:extract_transactions_xlsx_files.py 1402-10-23 10:33:42.409339 : Excel file '1401-11-19.xlsx' saved to 'datalake\1401-11-19.xlsx' successfully.
INFO:root:extract_transactions_xlsx_files.py 1402-10-23 10:33:42.612481 : Excel file '1401-11-22.xlsx' saved to 'datalake\1401-11-22.xlsx' successfully.
INFO:root:extract_transactions_xlsx_files.py 1402-10-23 10:33:43.276610 : Excel file '1401-11-23.xlsx' saved to 'datalake\1401-11-23.xlsx' successfully.
INFO:root:extract_transactions_xlsx_files.py 1402-10-23 10:33:44.83136 : Excel file '1401-11-24.xlsx' saved to 'datalake\1401-11-24.xlsx' successfully.
INFO:root:extract_transactions_xlsx_files.py 1402-10-23 10:33:44.806909 : Excel file '1401-11-25.xlsx' saved to 'datalake\1401-11-25.xlsx' successfully.
INFO:root:extract_transactions_xlsx_files.py 1402-10-23 10:33:45.460373 : Excel file '1401-11-26.xlsx' saved to 'datalake\1401-11-26.xlsx' successfully.
INFO:root:extract_transactions_xlsx_files.py 1402-10-23 10:33:45.700877 : Excel file '1401-11-29.xlsx' saved to 'datalake\1401-11-29.xlsx' successfully.
INFO:root:extract_transactions_xlsx_files.py 1402-10-23 10:33:46.734572 : Excel file '1401-11-30.xlsx' saved to 'datalake\1401-11-30.xlsx' successfully.
INFO:root:convert_xlsx_files_to_csv_files.py 2024-01-13 10:33:56.015553 : 1401-11-01.xlsx was empty.
INFO:root:convert_xlsx_files_to_csv_files.py 2024-01-13 10:33:56.248771 : 1401-11-02.xlsx was empty.
INFO:root:convert_xlsx_files_to_csv_files.py 2024-01-13 10:33:56.541987 : 1401-11-03.xlsx was empty.
INFO:root:convert_xlsx_files_to_csv_files.py 2024-01-13 10:33:56.836143 : 1401-11-04.xlsx was empty.
INFO:root:convert_xlsx_files_to_csv_files.py 2024-01-13 10:33:57.067524 : 1401-11-05.xlsx was empty.
INFO:root:convert_xlsx_files_to_csv_files.py 2024-01-13 10:33:57.283944 : 1401-11-08.xlsx was empty.
INFO:root:convert_xlsx_files_to_csv_files.py 2024-01-13 10:33:57.509066 : 1401-11-09.xlsx was empty.
INFO:root:convert_xlsx_files_to_csv_files.py 2024-01-13 10:33:57.778347 : 1401-11-10.xlsx was empty.
INFO:root:convert_xlsx_files_to_csv_files.py 2024-01-13 10:33:58.027679 : 1401-11-11.xlsx was empty.
INFO:root:convert_xlsx_files_to_csv_files.py 2024-01-13 10:33:58.243557 : 1401-11-12.xlsx was empty.
INFO:root:convert_xlsx_files_to_csv_files.py 2024-01-13 10:33:58.255817 : 1401-11-15.xlsx was empty.
INFO:root:convert_xlsx_files_to_csv_files.py 2024-01-13 10:33:58.457175 : 1401-11-16.xlsx was empty.
INFO:root:convert_xlsx_files_to_csv_files.py 2024-01-13 10:33:58.688460 : 1401-11-17.xlsx was empty.
INFO:root:convert_xlsx_files_to_csv_files.py 2024-01-13 10:33:58.898437 : 1401-11-18.xlsx was empty.
INFO:root:convert_xlsx_files_to_csv_files.py 2024-01-13 10:33:59.332276 : 1401-11-19.xlsx was empty.
INFO:root:convert_xlsx_files_to_csv_files.py 2024-01-13 10:33:59.375161 : 1401-11-22.xlsx was empty.
INFO:root:convert_xlsx_files_to_csv_files.py 2024-01-13 10:33:59.682340 : 1401-11-23.xlsx was empty.
INFO:root:convert_xlsx_files_to_csv_files.py 2024-01-13 10:33:59.935662 : 1401-11-24.xlsx was empty.
INFO:root:convert_xlsx_files_to_csv_files.py 2024-01-13 10:34:00.160136 : 1401-11-25.xlsx was empty.
INFO:root:convert_xlsx_files_to_csv_files.py 2024-01-13 10:34:00.464320 : 1401-11-26.xlsx was empty.
INFO:root:convert_xlsx_files_to_csv_files.py 2024-01-13 10:34:00.481277 : 1401-11-29.xlsx was empty.
INFO:root:convert_xlsx_files_to_csv_files.py 2024-01-13 10:34:00.844303 : 1401-11-30.xlsx was empty.
INFO:root:extract_transactions_xlsx_files.py 1402-10-23 10:35:46.672324 : Excel file '1401-11-01.xlsx' saved to 'datalake\1401-11-01.xlsx' successfully.
INFO:root:extract_transactions_xlsx_files.py 1402-10-23 10:35:48.441456 : Excel file '1401-11-02.xlsx' saved to 'datalake\1401-11-02.xlsx' successfully.
INFO:root:extract_transactions_xlsx_files.py 1402-10-23 10:35:49.333214 : Excel file '1401-11-03.xlsx' saved to 'datalake\1401-11-03.xlsx' successfully.
INFO:root:extract_transactions_xlsx_files.py 1402-10-23 10:35:50.376262 : Excel file '1401-11-04.xlsx' saved to 'datalake\1401-11-04.xlsx' successfully.
INFO:root:extract_transactions_xlsx_files.py 1402-10-23 10:35:51.866403 : Excel file '1401-11-05.xlsx' saved to 'datalake\1401-11-05.xlsx' successfully.
INFO:root:extract_transactions_xlsx_files.py 1402-10-23 10:35:54.853545 : Excel file '1401-11-08.xlsx' saved to 'datalake\1401-11-08.xlsx' successfully.
INFO:root:extract_transactions_xlsx_files.py 1402-10-23 10:35:57.8972 : Excel file '1401-11-09.xlsx' saved to 'datalake\1401-11-09.xlsx' successfully.
INFO:root:extract_transactions_xlsx_files.py 1402-10-23 10:35:58.155502 : Excel file '1401-11-10.xlsx' saved to 'datalake\1401-11-10.xlsx' successfully.
INFO:root:extract_transactions_xlsx_files.py 1402-10-23 10:35:58.835498 : Excel file '1401-11-11.xlsx' saved to 'datalake\1401-11-11.xlsx' successfully.
INFO:root:extract_transactions_xlsx_files.py 1402-10-23 10:35:59.775238 : Excel file '1401-11-12.xlsx' saved to 'datalake\1401-11-12.xlsx' successfully.
INFO:root:extract_transactions_xlsx_files.py 1402-10-23 10:36:00.17980 : Excel file '1401-11-15.xlsx' saved to 'datalake\1401-11-15.xlsx' successfully.
INFO:root:extract_transactions_xlsx_files.py 1402-10-23 10:36:00.908058 : Excel file '1401-11-16.xlsx' saved to 'datalake\1401-11-16.xlsx' successfully.
INFO:root:extract_transactions_xlsx_files.py 1402-10-23 10:36:01.632594 : Excel file '1401-11-17.xlsx' saved to 'datalake\1401-11-17.xlsx' successfully.
INFO:root:extract_transactions_xlsx_files.py 1402-10-23 10:36:02.536915 : Excel file '1401-11-18.xlsx' saved to 'datalake\1401-11-18.xlsx' successfully.
INFO:root:extract_transactions_xlsx_files.py 1402-10-23 10:36:03.419456 : Excel file '1401-11-19.xlsx' saved to 'datalake\1401-11-19.xlsx' successfully.
INFO:root:extract_transactions_xlsx_files.py 1402-10-23 10:36:03.645085 : Excel file '1401-11-22.xlsx' saved to 'datalake\1401-11-22.xlsx' successfully.
INFO:root:extract_transactions_xlsx_files.py 1402-10-23 10:36:04.310554 : Excel file '1401-11-23.xlsx' saved to 'datalake\1401-11-23.xlsx' successfully.
INFO:root:extract_transactions_xlsx_files.py 1402-10-23 10:36:05.327164 : Excel file '1401-11-24.xlsx' saved to 'datalake\1401-11-24.xlsx' successfully.
INFO:root:extract_transactions_xlsx_files.py 1402-10-23 10:36:06.863429 : Excel file '1401-11-25.xlsx' saved to 'datalake\1401-11-25.xlsx' successfully.
INFO:root:extract_transactions_xlsx_files.py 1402-10-23 10:36:07.778450 : Excel file '1401-11-26.xlsx' saved to 'datalake\1401-11-26.xlsx' successfully.
INFO:root:extract_transactions_xlsx_files.py 1402-10-23 10:36:08.66024 : Excel file '1401-11-29.xlsx' saved to 'datalake\1401-11-29.xlsx' successfully.
INFO:root:extract_transactions_xlsx_files.py 1402-10-23 10:36:08.840195 : Excel file '1401-11-30.xlsx' saved to 'datalake\1401-11-30.xlsx' successfully.
INFO:root:convert_xlsx_files_to_csv_files.py 2024-01-13 10:36:17.135859 : 1401-11-15.xlsx was empty.
INFO:root:convert_xlsx_files_to_csv_files.py 2024-01-13 10:36:18.006249 : 1401-11-22.xlsx was empty.
INFO:root:convert_xlsx_files_to_csv_files.py 2024-01-13 10:36:18.921386 : 1401-11-29.xlsx was empty.
INFO:root:extract_transactions_xlsx_files.py 1402-10-23 10:38:37.874748 : Excel file '1401-11-01.xlsx' saved to 'datalake\1401-11-01.xlsx' successfully.
INFO:root:extract_transactions_xlsx_files.py 1402-10-23 10:38:38.672679 : Excel file '1401-11-02.xlsx' saved to 'datalake\1401-11-02.xlsx' successfully.
INFO:root:extract_transactions_xlsx_files.py 1402-10-23 10:38:39.439627 : Excel file '1401-11-03.xlsx' saved to 'datalake\1401-11-03.xlsx' successfully.
INFO:root:extract_transactions_xlsx_files.py 1402-10-23 10:38:40.98215 : Excel file '1401-11-04.xlsx' saved to 'datalake\1401-11-04.xlsx' successfully.
INFO:root:extract_transactions_xlsx_files.py 1402-10-23 10:38:40.796349 : Excel file '1401-11-05.xlsx' saved to 'datalake\1401-11-05.xlsx' successfully.
INFO:root:extract_transactions_xlsx_files.py 1402-10-23 10:38:41.571273 : Excel file '1401-11-08.xlsx' saved to 'datalake\1401-11-08.xlsx' successfully.
INFO:root:extract_transactions_xlsx_files.py 1402-10-23 10:38:42.276524 : Excel file '1401-11-09.xlsx' saved to 'datalake\1401-11-09.xlsx' successfully.
INFO:root:extract_transactions_xlsx_files.py 1402-10-23 10:38:43.171112 : Excel file '1401-11-10.xlsx' saved to 'datalake\1401-11-10.xlsx' successfully.
INFO:root:extract_transactions_xlsx_files.py 1402-10-23 10:38:43.857538 : Excel file '1401-11-11.xlsx' saved to 'datalake\1401-11-11.xlsx' successfully.
INFO:root:extract_transactions_xlsx_files.py 1402-10-23 10:38:44.692222 : Excel file '1401-11-12.xlsx' saved to 'datalake\1401-11-12.xlsx' successfully.
INFO:root:extract_transactions_xlsx_files.py 1402-10-23 10:38:44.928322 : Excel file '1401-11-15.xlsx' saved to 'datalake\1401-11-15.xlsx' successfully.
INFO:root:extract_transactions_xlsx_files.py 1402-10-23 10:38:45.714427 : Excel file '1401-11-16.xlsx' saved to 'datalake\1401-11-16.xlsx' successfully.
INFO:root:extract_transactions_xlsx_files.py 1402-10-23 10:38:46.696190 : Excel file '1401-11-17.xlsx' saved to 'datalake\1401-11-17.xlsx' successfully.
INFO:root:extract_transactions_xlsx_files.py 1402-10-23 10:38:47.424625 : Excel file '1401-11-18.xlsx' saved to 'datalake\1401-11-18.xlsx' successfully.
INFO:root:extract_transactions_xlsx_files.py 1402-10-23 10:38:48.118398 : Excel file '1401-11-19.xlsx' saved to 'datalake\1401-11-19.xlsx' successfully.
INFO:root:extract_transactions_xlsx_files.py 1402-10-23 10:38:48.376804 : Excel file '1401-11-22.xlsx' saved to 'datalake\1401-11-22.xlsx' successfully.
INFO:root:extract_transactions_xlsx_files.py 1402-10-23 10:38:49.90122 : Excel file '1401-11-23.xlsx' saved to 'datalake\1401-11-23.xlsx' successfully.
INFO:root:extract_transactions_xlsx_files.py 1402-10-23 10:38:49.852515 : Excel file '1401-11-24.xlsx' saved to 'datalake\1401-11-24.xlsx' successfully.
INFO:root:extract_transactions_xlsx_files.py 1402-10-23 10:38:50.616764 : Excel file '1401-11-25.xlsx' saved to 'datalake\1401-11-25.xlsx' successfully.
INFO:root:extract_transactions_xlsx_files.py 1402-10-23 10:38:51.461559 : Excel file '1401-11-26.xlsx' saved to 'datalake\1401-11-26.xlsx' successfully.
INFO:root:extract_transactions_xlsx_files.py 1402-10-23 10:38:52.407207 : Excel file '1401-11-29.xlsx' saved to 'datalake\1401-11-29.xlsx' successfully.
INFO:root:extract_transactions_xlsx_files.py 1402-10-23 10:38:53.295629 : Excel file '1401-11-30.xlsx' saved to 'datalake\1401-11-30.xlsx' successfully.
INFO:root:convert_xlsx_files_to_csv_files.py 2024-01-13 10:39:31.553029 : 1401-11-15.xlsx was empty.
INFO:root:convert_xlsx_files_to_csv_files.py 2024-01-13 10:39:32.692980 : 1401-11-22.xlsx was empty.
INFO:root:convert_xlsx_files_to_csv_files.py 2024-01-13 10:39:33.664977 : 1401-11-29.xlsx was empty.
INFO:root:extract_transactions_xlsx_files.py 1402-10-23 10:42:51.553645 : Excel file '1401-11-01.xlsx' saved to 'datalake\1401-11-01.xlsx' successfully.
INFO:root:extract_transactions_xlsx_files.py 1402-10-23 10:43:14.664997 : Excel file '1401-11-02.xlsx' saved to 'datalake\1401-11-02.xlsx' successfully.
INFO:root:extract_transactions_xlsx_files.py 1402-10-23 10:43:37.38870 : Excel file '1401-11-03.xlsx' saved to 'datalake\1401-11-03.xlsx' successfully.
INFO:root:extract_transactions_xlsx_files.py 1402-10-23 10:44:00.618033 : Excel file '1401-11-04.xlsx' saved to 'datalake\1401-11-04.xlsx' successfully.
INFO:root:extract_transactions_xlsx_files.py 1402-10-23 10:44:23.565398 : Excel file '1401-11-05.xlsx' saved to 'datalake\1401-11-05.xlsx' successfully.
INFO:root:extract_transactions_xlsx_files.py 1402-10-23 10:44:43.274626 : Excel file '1401-11-08.xlsx' saved to 'datalake\1401-11-08.xlsx' successfully.
INFO:root:extract_transactions_xlsx_files.py 1402-10-23 10:45:07.885358 : Excel file '1401-11-09.xlsx' saved to 'datalake\1401-11-09.xlsx' successfully.
INFO:root:extract_transactions_xlsx_files.py 1402-10-23 10:45:38.331639 : Excel file '1401-11-10.xlsx' saved to 'datalake\1401-11-10.xlsx' successfully.
INFO:root:extract_transactions_xlsx_files.py 1402-10-23 10:46:11.791350 : Excel file '1401-11-11.xlsx' saved to 'datalake\1401-11-11.xlsx' successfully.
INFO:root:extract_transactions_xlsx_files.py 1402-10-23 10:48:06.295903 : Excel file '1401-11-01.xlsx' saved to 'datalake\1401-11-01.xlsx' successfully.
ERROR:root:extract_transactions_xlsx_files.py 1402-10-23 10:48:33.821350 : ('Connection aborted.', RemoteDisconnected('Remote end closed connection without response'))
INFO:root:extract_transactions_xlsx_files.py 1402-10-23 10:51:20.516016 : Excel file '1401-11-01.xlsx' saved to 'datalake\1401-11-01.xlsx' successfully.
INFO:root:extract_transactions_xlsx_files.py 1402-10-23 10:52:03.247621 : Excel file '1401-11-02.xlsx' saved to 'datalake\1401-11-02.xlsx' successfully.
ERROR:root:extract_transactions_xlsx_files.py 1402-10-23 10:52:15.317429 : HTTPConnectionPool(host='members.tsetmc.com', port=80): Max retries exceeded with url: /tsev2/excel/MarketWatchPlus.aspx?d=1401-11-03 (Caused by NameResolutionError("<urllib3.connection.HTTPConnection object at 0x0000022D4F85B5D0>: Failed to resolve 'members.tsetmc.com' ([Errno 11001] getaddrinfo failed)"))
INFO:root:extract_transactions_xlsx_files.py 1402-10-23 10:53:49.796727 : Excel file '1401-11-01.xlsx' saved to 'datalake\1401-11-01.xlsx' successfully.
INFO:root:extract_transactions_xlsx_files.py 1402-10-23 10:54:39.179844 : Excel file '1401-11-02.xlsx' saved to 'datalake\1401-11-02.xlsx' successfully.
INFO:root:extract_transactions_xlsx_files.py 1402-10-23 10:55:16.863495 : Excel file '1401-11-03.xlsx' saved to 'datalake\1401-11-03.xlsx' successfully.
INFO:root:extract_transactions_xlsx_files.py 1402-10-23 10:56:02.983131 : Excel file '1401-11-04.xlsx' saved to 'datalake\1401-11-04.xlsx' successfully.
INFO:root:extract_transactions_xlsx_files.py 1402-10-23 10:56:36.604807 : Excel file '1401-11-05.xlsx' saved to 'datalake\1401-11-05.xlsx' successfully.
ERROR:root:extract_transactions_xlsx_files.py 1402-10-23 10:56:59.736483 : ('Connection aborted.', RemoteDisconnected('Remote end closed connection without response'))
INFO:root:convert_xlsx_files_to_csv_files.py 2024-01-13 10:57:33.621636 : 1401-11-01.xlsx was successfully converted to csv and saved to .\stage
INFO:root:convert_xlsx_files_to_csv_files.py 2024-01-13 10:57:33.835507 : 1401-11-02.xlsx was successfully converted to csv and saved to .\stage
INFO:root:convert_xlsx_files_to_csv_files.py 2024-01-13 10:57:34.054955 : 1401-11-03.xlsx was successfully converted to csv and saved to .\stage
INFO:root:convert_xlsx_files_to_csv_files.py 2024-01-13 10:57:34.279318 : 1401-11-04.xlsx was successfully converted to csv and saved to .\stage
INFO:root:convert_xlsx_files_to_csv_files.py 2024-01-13 10:57:34.506709 : 1401-11-05.xlsx was successfully converted to csv and saved to .\stage
